<?xml version="1.0" encoding="UTF-8"?>
<!-- Generated by org.testng.reporters.JUnitXMLReporter -->
<testsuite hostname="DESKTOP-4VBBEJ4" ignored="0" name="TestA" tests="6" failures="0" timestamp="03 Jun 2022 11:11:07 GMT" time="72.404" errors="0">
  <testcase name="tc0" time="7.906" classname="org.project.ClassA"/>
  <testcase name="tc1" time="24.187" classname="org.project.ClassA"/>
  <testcase name="tc2" time="10.498" classname="org.project.ClassA"/>
  <testcase name="tc0" time="10.259" classname="org.project.ClassB"/>
  <testcase name="tc1" time="6.387" classname="org.project.ClassB"/>
  <testcase name="tc2" time="13.144" classname="org.project.ClassB"/>
</testsuite> <!-- TestA -->
